<?xml version="1.0" encoding="UTF-8"?>
<!-- Generated by org.testng.reporters.JUnitReportReporter -->
<testsuite hostname="Ujwal-laptop" failures="0" tests="4" name="SwagLabLoginTest" time="44.022" errors="0" timestamp="2023-03-29T16:58:29 IST" skipped="0">
  <testcase classname="SwagLabLoginTest" name="LoginForInvalidUserAndPass_TC_01" time="10.904"/>
  <system-out/>
  <testcase classname="SwagLabLoginTest" name="LoginForValidUserAndInvalidPass_TC_02" time="11.164"/>
  <system-out/>
  <testcase classname="SwagLabLoginTest" name="LoginForValidUserAndValidPass_TC_04" time="11.051"/>
  <system-out/>
  <testcase classname="SwagLabLoginTest" name="LoginForInvalidUserAndValidPass_TC_03" time="10.903"/>
  <system-out/>
</testsuite> <!-- SwagLabLoginTest -->
