<?xml version="1.0" encoding="UTF-8"?>
<!-- Generated by org.testng.reporters.JUnitReportReporter -->
<testsuite hostname="Ujwal-laptop" failures="0" tests="4" name="testng.tryAndError" time="17.907" errors="0" timestamp="2023-03-21T14:59:40 IST" skipped="0">
  <testcase classname="testng.tryAndError" name="sendDataToEmail" time="3.751"/>
  <system-out/>
  <testcase classname="testng.tryAndError" name="sendDataToPassword" time="6.961"/>
  <system-out/>
  <testcase classname="testng.tryAndError" name="ScrollPage" time="3.581"/>
  <system-out/>
  <testcase classname="testng.tryAndError" name="verifyTitleOfWebPage" time="3.614"/>
  <system-out/>
</testsuite> <!-- testng.tryAndError -->
