<?xml version="1.0" encoding="UTF-8"?>
<!-- Generated by org.testng.reporters.JUnitReportReporter -->
<testsuite hostname="Ujwal-laptop" failures="0" tests="4" name="testng.scrollBy" time="0.128" errors="0" timestamp="2023-03-21T14:16:30 IST" skipped="0">
  <testcase classname="testng.scrollBy" name="sendDataToPassword" time="0.062"/>
  <system-out/>
  <testcase classname="testng.scrollBy" name="ScrollPage" time="0.010"/>
  <system-out/>
  <testcase classname="testng.scrollBy" name="sendDataToEmail" time="0.048"/>
  <system-out/>
  <testcase classname="testng.scrollBy" name="verifyTitleOfWebPage" time="0.008"/>
  <system-out/>
</testsuite> <!-- testng.scrollBy -->
