<?xml version="1.0" encoding="UTF-8"?>
<!-- Generated by org.testng.reporters.JUnitReportReporter -->
<testsuite hostname="Ujwal-laptop" failures="0" tests="4" name="SwagLap" time="3.164" errors="0" timestamp="2023-03-29T15:37:12 IST" skipped="0">
  <testcase classname="SwagLap" name="LoginPage_TC_04" time="1.053"/>
  <system-out/>
  <testcase classname="SwagLap" name="verifyPageName_TC_02" time="0.019"/>
  <system-out/>
  <testcase classname="SwagLap" name="LoginPageInfo_TC_01" time="0.012"/>
  <system-out/>
  <testcase classname="SwagLap" name="LoginPage_TC_03" time="2.080"/>
  <system-out/>
</testsuite> <!-- SwagLap -->
