<?xml version="1.0" encoding="UTF-8"?>
<!-- Generated by org.testng.reporters.JUnitReportReporter -->
<testsuite hostname="Ujwal-laptop" failures="0" tests="4" name="SwagLabLoginTest" time="43.867" errors="0" timestamp="2023-03-29T17:27:35 IST" skipped="0">
  <testcase classname="SwagLabLoginTest" name="LoginForInvalidUserAndPass_TC_01" time="10.692"/>
  <system-out/>
  <testcase classname="SwagLabLoginTest" name="LoginForValidUserAndInvalidPass_TC_02" time="11.244"/>
  <system-out/>
  <testcase classname="SwagLabLoginTest" name="LoginForValidUserAndValidPass_TC_04" time="11.013"/>
  <system-out/>
  <testcase classname="SwagLabLoginTest" name="LoginForInvalidUserAndValidPass_TC_03" time="10.918"/>
  <system-out/>
</testsuite> <!-- SwagLabLoginTest -->
