<?xml version="1.0" encoding="UTF-8"?>
<!-- Generated by org.testng.reporters.JUnitReportReporter -->
<testsuite hostname="Ujwal-laptop" failures="0" tests="4" name="testng.beforeMethod" time="14.828" errors="0" timestamp="2023-03-21T17:55:03 IST" skipped="0">
  <testcase classname="testng.beforeMethod" name="ScrollPage" time="4.018"/>
  <system-out/>
  <testcase classname="testng.beforeMethod" name="verifyTitleOfWebPage" time="3.574"/>
  <system-out/>
  <testcase classname="testng.beforeMethod" name="sendDataToEmail" time="3.622"/>
  <system-out/>
  <testcase classname="testng.beforeMethod" name="sendDataToPassword" time="3.614"/>
  <system-out/>
</testsuite> <!-- testng.beforeMethod -->
