<?xml version="1.0" encoding="UTF-8"?>
<!-- Generated by org.testng.reporters.JUnitReportReporter -->
<testsuite hostname="Ujwal-laptop" failures="0" tests="4" name="testng.beforeTest" time="6.182" errors="0" timestamp="2023-03-29T16:22:39 IST" skipped="0">
  <testcase classname="testng.beforeTest" name="sendDataToEmail" time="2.065"/>
  <system-out/>
  <testcase classname="testng.beforeTest" name="ScrollPage" time="2.019"/>
  <system-out/>
  <testcase classname="testng.beforeTest" name="sendDataToPassword" time="2.068"/>
  <system-out/>
  <testcase classname="testng.beforeTest" name="verifyTitleOfWebPage" time="0.030"/>
  <system-out/>
</testsuite> <!-- testng.beforeTest -->
